-------------------------------------------------------------------------------
Test set: com.dhvanan.StringCalculatorTest
-------------------------------------------------------------------------------
Tests run: 2, Failures: 1, Errors: 0, Skipped: 0, Time elapsed: 0.001 s <<< FAILURE! - in com.dhvanan.StringCalculatorTest
add_ShouldWorkWith2SimpleNumbers  Time elapsed: 0.001 s  <<< FAILURE!
org.opentest4j.AssertionFailedError: expected: <true> but was: <false>
	at com.dhvanan.StringCalculatorTest.add_ShouldWorkWith2SimpleNumbers(StringCalculatorTest.java:23)

